21-10-2021 20:37:29.080 || THREAD: [main] || LEVEL:  [34mINFO [0;39m|| LOG MSG: Starting Application on DESKTOP-VSQJ6KC with PID 8464 (C:\dev\ws\default\laburapi\laburapi-back\target\classes started by Javi in C:\dev\ws\default\laburapi\laburapi-back)
21-10-2021 20:37:29.084 || THREAD: [main] || LEVEL:  [34mINFO [0;39m|| LOG MSG: No active profile set, falling back to default profiles: default
21-10-2021 20:37:29.851 || THREAD: [main] || LEVEL:  [34mINFO [0;39m|| LOG MSG: Bootstrapping Spring Data repositories in DEFAULT mode.
21-10-2021 20:37:29.941 || THREAD: [main] || LEVEL:  [34mINFO [0;39m|| LOG MSG: Finished Spring Data repository scanning in 77ms. Found 1 repository interfaces.
21-10-2021 20:37:30.334 || THREAD: [main] || LEVEL:  [34mINFO [0;39m|| LOG MSG: Bean 'org.springframework.transaction.annotation.ProxyTransactionManagementConfiguration' of type [org.springframework.transaction.annotation.ProxyTransactionManagementConfiguration$$EnhancerBySpringCGLIB$$eaf57f69] is not eligible for getting processed by all BeanPostProcessors (for example: not eligible for auto-proxying)
21-10-2021 20:37:30.654 || THREAD: [main] || LEVEL:  [34mINFO [0;39m|| LOG MSG: Tomcat initialized with port(s): 8080 (http)
21-10-2021 20:37:30.694 || THREAD: [main] || LEVEL:  [34mINFO [0;39m|| LOG MSG: Starting service [Tomcat]
21-10-2021 20:37:30.695 || THREAD: [main] || LEVEL:  [34mINFO [0;39m|| LOG MSG: Starting Servlet engine: [Apache Tomcat/9.0.21]
21-10-2021 20:37:30.809 || THREAD: [main] || LEVEL:  [34mINFO [0;39m|| LOG MSG: Initializing Spring embedded WebApplicationContext
21-10-2021 20:37:30.809 || THREAD: [main] || LEVEL:  [34mINFO [0;39m|| LOG MSG: Root WebApplicationContext: initialization completed in 1678 ms
21-10-2021 20:37:31.031 || THREAD: [main] || LEVEL:  [34mINFO [0;39m|| LOG MSG: HikariPool-1 - Starting...
21-10-2021 20:37:31.243 || THREAD: [main] || LEVEL:  [34mINFO [0;39m|| LOG MSG: HikariPool-1 - Start completed.
21-10-2021 20:37:31.309 || THREAD: [main] || LEVEL:  [34mINFO [0;39m|| LOG MSG: HHH000204: Processing PersistenceUnitInfo [
	name: default
	...]
21-10-2021 20:37:31.394 || THREAD: [main] || LEVEL:  [34mINFO [0;39m|| LOG MSG: HHH000412: Hibernate Core {5.3.10.Final}
21-10-2021 20:37:31.396 || THREAD: [main] || LEVEL:  [34mINFO [0;39m|| LOG MSG: HHH000206: hibernate.properties not found
21-10-2021 20:37:31.580 || THREAD: [main] || LEVEL:  [34mINFO [0;39m|| LOG MSG: HCANN000001: Hibernate Commons Annotations {5.0.4.Final}
21-10-2021 20:37:31.739 || THREAD: [main] || LEVEL:  [34mINFO [0;39m|| LOG MSG: HHH000400: Using dialect: org.hibernate.dialect.H2Dialect
21-10-2021 20:37:32.587 || THREAD: [main] || LEVEL:  [34mINFO [0;39m|| LOG MSG: HHH000476: Executing import script 'org.hibernate.tool.schema.internal.exec.ScriptSourceInputNonExistentImpl@4757597e'
21-10-2021 20:37:32.590 || THREAD: [main] || LEVEL:  [34mINFO [0;39m|| LOG MSG: Initialized JPA EntityManagerFactory for persistence unit 'default'
21-10-2021 20:37:33.142 || THREAD: [main] || LEVEL:  [34mINFO [0;39m|| LOG MSG: Initializing ExecutorService 'applicationTaskExecutor'
21-10-2021 20:37:33.201 || THREAD: [main] || LEVEL:  [31mWARN [0;39m|| LOG MSG: spring.jpa.open-in-view is enabled by default. Therefore, database queries may be performed during view rendering. Explicitly configure spring.jpa.open-in-view to disable this warning
21-10-2021 20:37:33.480 || THREAD: [main] || LEVEL:  [34mINFO [0;39m|| LOG MSG: Tomcat started on port(s): 8080 (http) with context path ''
21-10-2021 20:37:33.484 || THREAD: [main] || LEVEL:  [34mINFO [0;39m|| LOG MSG: Started Application in 4.811 seconds (JVM running for 8.593)
21-10-2021 20:37:51.713 || THREAD: [http-nio-8080-exec-1] || LEVEL:  [34mINFO [0;39m|| LOG MSG: Initializing Spring DispatcherServlet 'dispatcherServlet'
21-10-2021 20:37:51.713 || THREAD: [http-nio-8080-exec-1] || LEVEL:  [34mINFO [0;39m|| LOG MSG: Initializing Servlet 'dispatcherServlet'
21-10-2021 20:37:51.723 || THREAD: [http-nio-8080-exec-1] || LEVEL:  [34mINFO [0;39m|| LOG MSG: Completed initialization in 9 ms
21-10-2021 20:37:51.846 || THREAD: [http-nio-8080-exec-1] || LEVEL:  [34mINFO [0;39m|| LOG MSG: Inicio :: PersonaController.updatePersona(ID): 1 (PersonaDto): PersonaDto(id=null, dni=11111111, nombre=Pe, telefono=666222)
21-10-2021 20:37:51.922 || THREAD: [http-nio-8080-exec-1] || LEVEL:  [34mINFO [0;39m|| LOG MSG: Response :: La persona con id 1 se ha actualizado a: PersonaDto(id=1, dni=11111111, nombre=Pe, telefono=666222)
21-10-2021 20:37:51.922 || THREAD: [http-nio-8080-exec-1] || LEVEL:  [34mINFO [0;39m|| LOG MSG: Fin :: PersonaController.updatePersona(PersonaDto): PersonaDto(id=1, dni=11111111, nombre=Pe, telefono=666222)
21-10-2021 20:38:35.109 || THREAD: [http-nio-8080-exec-3] || LEVEL:  [34mINFO [0;39m|| LOG MSG: Inicio :: PersonaController.updatePersona(ID): 2 (PersonaDto): PersonaDto(id=null, dni=11111111, nombre=Pe, telefono=666222)
21-10-2021 20:38:35.112 || THREAD: [http-nio-8080-exec-3] || LEVEL:  [34mINFO [0;39m|| LOG MSG: Response :: La persona con id 2 se ha actualizado a: PersonaDto(id=2, dni=11111111, nombre=Pe, telefono=666222)
21-10-2021 20:38:35.113 || THREAD: [http-nio-8080-exec-3] || LEVEL:  [34mINFO [0;39m|| LOG MSG: Fin :: PersonaController.updatePersona(PersonaDto): PersonaDto(id=2, dni=11111111, nombre=Pe, telefono=666222)
21-10-2021 20:39:16.629 || THREAD: [http-nio-8080-exec-4] || LEVEL:  [1;31mERROR[0;39m|| LOG MSG: Servlet.service() for servlet [dispatcherServlet] in context with path [] threw exception [Request processing failed; nested exception is org.springframework.dao.EmptyResultDataAccessException: No class app.model.entity.Persona entity with id 3 exists!] with root cause
org.springframework.dao.EmptyResultDataAccessException: No class app.model.entity.Persona entity with id 3 exists!
	at org.springframework.data.jpa.repository.support.SimpleJpaRepository.lambda$deleteById$0(SimpleJpaRepository.java:158)
	at java.util.Optional.orElseThrow(Optional.java:290)
	at org.springframework.data.jpa.repository.support.SimpleJpaRepository.deleteById(SimpleJpaRepository.java:157)
	at sun.reflect.NativeMethodAccessorImpl.invoke0(Native Method)
	at sun.reflect.NativeMethodAccessorImpl.invoke(NativeMethodAccessorImpl.java:62)
	at sun.reflect.DelegatingMethodAccessorImpl.invoke(DelegatingMethodAccessorImpl.java:43)
	at java.lang.reflect.Method.invoke(Method.java:498)
	at org.springframework.data.repository.core.support.RepositoryComposition$RepositoryFragments.invoke(RepositoryComposition.java:359)
	at org.springframework.data.repository.core.support.RepositoryComposition.invoke(RepositoryComposition.java:200)
	at org.springframework.data.repository.core.support.RepositoryFactorySupport$ImplementationMethodExecutionInterceptor.invoke(RepositoryFactorySupport.java:644)
	at org.springframework.aop.framework.ReflectiveMethodInvocation.proceed(ReflectiveMethodInvocation.java:186)
	at org.springframework.data.repository.core.support.RepositoryFactorySupport$QueryExecutorMethodInterceptor.doInvoke(RepositoryFactorySupport.java:608)
	at org.springframework.data.repository.core.support.RepositoryFactorySupport$QueryExecutorMethodInterceptor.lambda$invoke$3(RepositoryFactorySupport.java:595)
	at org.springframework.data.repository.core.support.RepositoryFactorySupport$QueryExecutorMethodInterceptor.invoke(RepositoryFactorySupport.java:595)
	at org.springframework.aop.framework.ReflectiveMethodInvocation.proceed(ReflectiveMethodInvocation.java:186)
	at org.springframework.data.projection.DefaultMethodInvokingMethodInterceptor.invoke(DefaultMethodInvokingMethodInterceptor.java:59)
	at org.springframework.aop.framework.ReflectiveMethodInvocation.proceed(ReflectiveMethodInvocation.java:186)
	at org.springframework.transaction.interceptor.TransactionAspectSupport.invokeWithinTransaction(TransactionAspectSupport.java:295)
	at org.springframework.transaction.interceptor.TransactionInterceptor.invoke(TransactionInterceptor.java:98)
	at org.springframework.aop.framework.ReflectiveMethodInvocation.proceed(ReflectiveMethodInvocation.java:186)
	at org.springframework.dao.support.PersistenceExceptionTranslationInterceptor.invoke(PersistenceExceptionTranslationInterceptor.java:139)
	at org.springframework.aop.framework.ReflectiveMethodInvocation.proceed(ReflectiveMethodInvocation.java:186)
	at org.springframework.data.jpa.repository.support.CrudMethodMetadataPostProcessor$CrudMethodMetadataPopulatingMethodInterceptor.invoke(CrudMethodMetadataPostProcessor.java:138)
	at org.springframework.aop.framework.ReflectiveMethodInvocation.proceed(ReflectiveMethodInvocation.java:186)
	at org.springframework.aop.interceptor.ExposeInvocationInterceptor.invoke(ExposeInvocationInterceptor.java:93)
	at org.springframework.aop.framework.ReflectiveMethodInvocation.proceed(ReflectiveMethodInvocation.java:186)
	at org.springframework.data.repository.core.support.SurroundingTransactionDetectorMethodInterceptor.invoke(SurroundingTransactionDetectorMethodInterceptor.java:61)
	at org.springframework.aop.framework.ReflectiveMethodInvocation.proceed(ReflectiveMethodInvocation.java:186)
	at org.springframework.aop.framework.JdkDynamicAopProxy.invoke(JdkDynamicAopProxy.java:212)
	at com.sun.proxy.$Proxy108.deleteById(Unknown Source)
	at app.service.PersonaSerivceImpl.deletePersonaById(PersonaSerivceImpl.java:57)
	at app.controller.PersonaController.deletePersona(PersonaController.java:53)
	at sun.reflect.NativeMethodAccessorImpl.invoke0(Native Method)
	at sun.reflect.NativeMethodAccessorImpl.invoke(NativeMethodAccessorImpl.java:62)
	at sun.reflect.DelegatingMethodAccessorImpl.invoke(DelegatingMethodAccessorImpl.java:43)
	at java.lang.reflect.Method.invoke(Method.java:498)
	at org.springframework.web.method.support.InvocableHandlerMethod.doInvoke(InvocableHandlerMethod.java:190)
	at org.springframework.web.method.support.InvocableHandlerMethod.invokeForRequest(InvocableHandlerMethod.java:138)
	at org.springframework.web.servlet.mvc.method.annotation.ServletInvocableHandlerMethod.invokeAndHandle(ServletInvocableHandlerMethod.java:104)
	at org.springframework.web.servlet.mvc.method.annotation.RequestMappingHandlerAdapter.invokeHandlerMethod(RequestMappingHandlerAdapter.java:892)
	at org.springframework.web.servlet.mvc.method.annotation.RequestMappingHandlerAdapter.handleInternal(RequestMappingHandlerAdapter.java:797)
	at org.springframework.web.servlet.mvc.method.AbstractHandlerMethodAdapter.handle(AbstractHandlerMethodAdapter.java:87)
	at org.springframework.web.servlet.DispatcherServlet.doDispatch(DispatcherServlet.java:1039)
	at org.springframework.web.servlet.DispatcherServlet.doService(DispatcherServlet.java:942)
	at org.springframework.web.servlet.FrameworkServlet.processRequest(FrameworkServlet.java:1005)
	at org.springframework.web.servlet.FrameworkServlet.doDelete(FrameworkServlet.java:930)
	at javax.servlet.http.HttpServlet.service(HttpServlet.java:666)
	at org.springframework.web.servlet.FrameworkServlet.service(FrameworkServlet.java:882)
	at javax.servlet.http.HttpServlet.service(HttpServlet.java:741)
	at org.apache.catalina.core.ApplicationFilterChain.internalDoFilter(ApplicationFilterChain.java:231)
	at org.apache.catalina.core.ApplicationFilterChain.doFilter(ApplicationFilterChain.java:166)
	at org.apache.tomcat.websocket.server.WsFilter.doFilter(WsFilter.java:53)
	at org.apache.catalina.core.ApplicationFilterChain.internalDoFilter(ApplicationFilterChain.java:193)
	at org.apache.catalina.core.ApplicationFilterChain.doFilter(ApplicationFilterChain.java:166)
	at org.springframework.web.filter.RequestContextFilter.doFilterInternal(RequestContextFilter.java:99)
	at org.springframework.web.filter.OncePerRequestFilter.doFilter(OncePerRequestFilter.java:109)
	at org.apache.catalina.core.ApplicationFilterChain.internalDoFilter(ApplicationFilterChain.java:193)
	at org.apache.catalina.core.ApplicationFilterChain.doFilter(ApplicationFilterChain.java:166)
	at org.springframework.web.filter.FormContentFilter.doFilterInternal(FormContentFilter.java:92)
	at org.springframework.web.filter.OncePerRequestFilter.doFilter(OncePerRequestFilter.java:109)
	at org.apache.catalina.core.ApplicationFilterChain.internalDoFilter(ApplicationFilterChain.java:193)
	at org.apache.catalina.core.ApplicationFilterChain.doFilter(ApplicationFilterChain.java:166)
	at org.springframework.web.filter.HiddenHttpMethodFilter.doFilterInternal(HiddenHttpMethodFilter.java:93)
	at org.springframework.web.filter.OncePerRequestFilter.doFilter(OncePerRequestFilter.java:109)
	at org.apache.catalina.core.ApplicationFilterChain.internalDoFilter(ApplicationFilterChain.java:193)
	at org.apache.catalina.core.ApplicationFilterChain.doFilter(ApplicationFilterChain.java:166)
	at org.springframework.web.filter.CharacterEncodingFilter.doFilterInternal(CharacterEncodingFilter.java:200)
	at org.springframework.web.filter.OncePerRequestFilter.doFilter(OncePerRequestFilter.java:109)
	at org.apache.catalina.core.ApplicationFilterChain.internalDoFilter(ApplicationFilterChain.java:193)
	at org.apache.catalina.core.ApplicationFilterChain.doFilter(ApplicationFilterChain.java:166)
	at org.apache.catalina.core.StandardWrapperValve.invoke(StandardWrapperValve.java:202)
	at org.apache.catalina.core.StandardContextValve.invoke(StandardContextValve.java:96)
	at org.apache.catalina.authenticator.AuthenticatorBase.invoke(AuthenticatorBase.java:490)
	at org.apache.catalina.core.StandardHostValve.invoke(StandardHostValve.java:139)
	at org.apache.catalina.valves.ErrorReportValve.invoke(ErrorReportValve.java:92)
	at org.apache.catalina.core.StandardEngineValve.invoke(StandardEngineValve.java:74)
	at org.apache.catalina.connector.CoyoteAdapter.service(CoyoteAdapter.java:343)
	at org.apache.coyote.http11.Http11Processor.service(Http11Processor.java:408)
	at org.apache.coyote.AbstractProcessorLight.process(AbstractProcessorLight.java:66)
	at org.apache.coyote.AbstractProtocol$ConnectionHandler.process(AbstractProtocol.java:853)
	at org.apache.tomcat.util.net.NioEndpoint$SocketProcessor.doRun(NioEndpoint.java:1587)
	at org.apache.tomcat.util.net.SocketProcessorBase.run(SocketProcessorBase.java:49)
	at java.util.concurrent.ThreadPoolExecutor.runWorker(ThreadPoolExecutor.java:1149)
	at java.util.concurrent.ThreadPoolExecutor$Worker.run(ThreadPoolExecutor.java:624)
	at org.apache.tomcat.util.threads.TaskThread$WrappingRunnable.run(TaskThread.java:61)
	at java.lang.Thread.run(Thread.java:748)
21-10-2021 20:39:27.920 || THREAD: [http-nio-8080-exec-6] || LEVEL:  [34mINFO [0;39m|| LOG MSG: Response :: La persona con id 2 se ha eliminado
21-10-2021 20:40:25.572 || THREAD: [http-nio-8080-exec-4] || LEVEL:  [34mINFO [0;39m|| LOG MSG: Inicio :: PersonaController.updatePersona(ID): 2 (PersonaDto): PersonaDto(id=null, dni=11111111, nombre=Pe, telefono=666222)
21-10-2021 20:40:25.575 || THREAD: [http-nio-8080-exec-4] || LEVEL:  [34mINFO [0;39m|| LOG MSG: Response :: La persona con id 2 se ha actualizado a: PersonaDto(id=3, dni=11111111, nombre=Pe, telefono=666222)
21-10-2021 20:40:25.575 || THREAD: [http-nio-8080-exec-4] || LEVEL:  [34mINFO [0;39m|| LOG MSG: Fin :: PersonaController.updatePersona(PersonaDto): PersonaDto(id=3, dni=11111111, nombre=Pe, telefono=666222)
21-10-2021 20:45:24.344 || THREAD: [http-nio-8080-exec-1] || LEVEL:  [34mINFO [0;39m|| LOG MSG: Inicio :: PersonaController.createPersona(PersonaDto): PersonaDto(id=null, dni=12345678A, nombre=Pepe, telefono=666333222)
21-10-2021 20:45:24.344 || THREAD: [http-nio-8080-exec-1] || LEVEL:  [34mINFO [0;39m|| LOG MSG: Inicio :: PersonaService.createPersona(PersonaDto): PersonaDto(id=null, dni=12345678A, nombre=Pepe, telefono=666333222)
21-10-2021 20:45:24.344 || THREAD: [http-nio-8080-exec-1] || LEVEL:  [34mINFO [0;39m|| LOG MSG: Request :: PersonaService.createPersona(PersonaDto): Persona(id=null, dni=12345678A, nombre=Pepe, telefono=666333222)
21-10-2021 20:45:24.349 || THREAD: [http-nio-8080-exec-1] || LEVEL:  [34mINFO [0;39m|| LOG MSG: Response :: PersonaService.createPersona(PersonaDto): Persona(id=4, dni=12345678A, nombre=Pepe, telefono=666333222)
21-10-2021 20:45:24.349 || THREAD: [http-nio-8080-exec-1] || LEVEL:  [34mINFO [0;39m|| LOG MSG: Fin :: PersonaService.createPersona(PersonaDto): PersonaDto(id=4, dni=12345678A, nombre=Pepe, telefono=666333222)
21-10-2021 20:45:24.350 || THREAD: [http-nio-8080-exec-1] || LEVEL:  [34mINFO [0;39m|| LOG MSG: Fin :: PersonaController.createPersona(PersonaDto): PersonaDto(id=4, dni=12345678A, nombre=Pepe, telefono=666333222)
21-10-2021 20:46:00.197 || THREAD: [http-nio-8080-exec-10] || LEVEL:  [34mINFO [0;39m|| LOG MSG: Response :: La persona solicitada es: PersonaDto(id=1, dni=11111111, nombre=Pe, telefono=666222)
21-10-2021 20:46:03.389 || THREAD: [http-nio-8080-exec-9] || LEVEL:  [1;31mERROR[0;39m|| LOG MSG: Servlet.service() for servlet [dispatcherServlet] in context with path [] threw exception [Request processing failed; nested exception is java.util.NoSuchElementException: No value present] with root cause
java.util.NoSuchElementException: No value present
	at java.util.Optional.get(Optional.java:135)
	at app.service.PersonaSerivceImpl.personaFind(PersonaSerivceImpl.java:66)
	at app.service.PersonaSerivceImpl.findPersonaById(PersonaSerivceImpl.java:39)
	at app.controller.PersonaController.getPersona(PersonaController.java:38)
	at sun.reflect.NativeMethodAccessorImpl.invoke0(Native Method)
	at sun.reflect.NativeMethodAccessorImpl.invoke(NativeMethodAccessorImpl.java:62)
	at sun.reflect.DelegatingMethodAccessorImpl.invoke(DelegatingMethodAccessorImpl.java:43)
	at java.lang.reflect.Method.invoke(Method.java:498)
	at org.springframework.web.method.support.InvocableHandlerMethod.doInvoke(InvocableHandlerMethod.java:190)
	at org.springframework.web.method.support.InvocableHandlerMethod.invokeForRequest(InvocableHandlerMethod.java:138)
	at org.springframework.web.servlet.mvc.method.annotation.ServletInvocableHandlerMethod.invokeAndHandle(ServletInvocableHandlerMethod.java:104)
	at org.springframework.web.servlet.mvc.method.annotation.RequestMappingHandlerAdapter.invokeHandlerMethod(RequestMappingHandlerAdapter.java:892)
	at org.springframework.web.servlet.mvc.method.annotation.RequestMappingHandlerAdapter.handleInternal(RequestMappingHandlerAdapter.java:797)
	at org.springframework.web.servlet.mvc.method.AbstractHandlerMethodAdapter.handle(AbstractHandlerMethodAdapter.java:87)
	at org.springframework.web.servlet.DispatcherServlet.doDispatch(DispatcherServlet.java:1039)
	at org.springframework.web.servlet.DispatcherServlet.doService(DispatcherServlet.java:942)
	at org.springframework.web.servlet.FrameworkServlet.processRequest(FrameworkServlet.java:1005)
	at org.springframework.web.servlet.FrameworkServlet.doGet(FrameworkServlet.java:897)
	at javax.servlet.http.HttpServlet.service(HttpServlet.java:634)
	at org.springframework.web.servlet.FrameworkServlet.service(FrameworkServlet.java:882)
	at javax.servlet.http.HttpServlet.service(HttpServlet.java:741)
	at org.apache.catalina.core.ApplicationFilterChain.internalDoFilter(ApplicationFilterChain.java:231)
	at org.apache.catalina.core.ApplicationFilterChain.doFilter(ApplicationFilterChain.java:166)
	at org.apache.tomcat.websocket.server.WsFilter.doFilter(WsFilter.java:53)
	at org.apache.catalina.core.ApplicationFilterChain.internalDoFilter(ApplicationFilterChain.java:193)
	at org.apache.catalina.core.ApplicationFilterChain.doFilter(ApplicationFilterChain.java:166)
	at org.springframework.web.filter.RequestContextFilter.doFilterInternal(RequestContextFilter.java:99)
	at org.springframework.web.filter.OncePerRequestFilter.doFilter(OncePerRequestFilter.java:109)
	at org.apache.catalina.core.ApplicationFilterChain.internalDoFilter(ApplicationFilterChain.java:193)
	at org.apache.catalina.core.ApplicationFilterChain.doFilter(ApplicationFilterChain.java:166)
	at org.springframework.web.filter.FormContentFilter.doFilterInternal(FormContentFilter.java:92)
	at org.springframework.web.filter.OncePerRequestFilter.doFilter(OncePerRequestFilter.java:109)
	at org.apache.catalina.core.ApplicationFilterChain.internalDoFilter(ApplicationFilterChain.java:193)
	at org.apache.catalina.core.ApplicationFilterChain.doFilter(ApplicationFilterChain.java:166)
	at org.springframework.web.filter.HiddenHttpMethodFilter.doFilterInternal(HiddenHttpMethodFilter.java:93)
	at org.springframework.web.filter.OncePerRequestFilter.doFilter(OncePerRequestFilter.java:109)
	at org.apache.catalina.core.ApplicationFilterChain.internalDoFilter(ApplicationFilterChain.java:193)
	at org.apache.catalina.core.ApplicationFilterChain.doFilter(ApplicationFilterChain.java:166)
	at org.springframework.web.filter.CharacterEncodingFilter.doFilterInternal(CharacterEncodingFilter.java:200)
	at org.springframework.web.filter.OncePerRequestFilter.doFilter(OncePerRequestFilter.java:109)
	at org.apache.catalina.core.ApplicationFilterChain.internalDoFilter(ApplicationFilterChain.java:193)
	at org.apache.catalina.core.ApplicationFilterChain.doFilter(ApplicationFilterChain.java:166)
	at org.apache.catalina.core.StandardWrapperValve.invoke(StandardWrapperValve.java:202)
	at org.apache.catalina.core.StandardContextValve.invoke(StandardContextValve.java:96)
	at org.apache.catalina.authenticator.AuthenticatorBase.invoke(AuthenticatorBase.java:490)
	at org.apache.catalina.core.StandardHostValve.invoke(StandardHostValve.java:139)
	at org.apache.catalina.valves.ErrorReportValve.invoke(ErrorReportValve.java:92)
	at org.apache.catalina.core.StandardEngineValve.invoke(StandardEngineValve.java:74)
	at org.apache.catalina.connector.CoyoteAdapter.service(CoyoteAdapter.java:343)
	at org.apache.coyote.http11.Http11Processor.service(Http11Processor.java:408)
	at org.apache.coyote.AbstractProcessorLight.process(AbstractProcessorLight.java:66)
	at org.apache.coyote.AbstractProtocol$ConnectionHandler.process(AbstractProtocol.java:853)
	at org.apache.tomcat.util.net.NioEndpoint$SocketProcessor.doRun(NioEndpoint.java:1587)
	at org.apache.tomcat.util.net.SocketProcessorBase.run(SocketProcessorBase.java:49)
	at java.util.concurrent.ThreadPoolExecutor.runWorker(ThreadPoolExecutor.java:1149)
	at java.util.concurrent.ThreadPoolExecutor$Worker.run(ThreadPoolExecutor.java:624)
	at org.apache.tomcat.util.threads.TaskThread$WrappingRunnable.run(TaskThread.java:61)
	at java.lang.Thread.run(Thread.java:748)
